<?xml version="1.0" encoding="UTF-8"?>
<robot generator="Robot 6.0.1 (Python 3.11.1 on win32)" generated="20221220 14:07:19.959" rpa="false" schemaversion="3">
<suite id="s1" name="Invalid Login" source="C:\Users\kholi\OneDrive\Desktop\Rebelworks\Robotframework\robotFramework\login_tests\invalid_login.robot">
<kw name="Open Browser To Login Page" library="src" type="SETUP">
<kw name="Open Browser" library="SeleniumLibrary">
<arg>${url_login}</arg>
<arg>${browser}</arg>
<doc>Opens a new browser instance to the optional ``url``.</doc>
<msg timestamp="20221220 14:07:20.653" level="INFO">Opening browser 'chrome' to base url 'https://www.saucedemo.com/'.</msg>
<status status="PASS" starttime="20221220 14:07:20.651" endtime="20221220 14:07:24.593"/>
</kw>
<kw name="Maximize Browser Window" library="SeleniumLibrary">
<doc>Maximizes current browser window.</doc>
<status status="PASS" starttime="20221220 14:07:24.593" endtime="20221220 14:07:24.977"/>
</kw>
<kw name="Set Selenium Speed" library="SeleniumLibrary">
<arg>${delay}</arg>
<doc>Sets the delay that is waited after each Selenium command.</doc>
<status status="PASS" starttime="20221220 14:07:24.977" endtime="20221220 14:07:24.978"/>
</kw>
<kw name="Login Page Should Be Open" library="src">
<kw name="Title Should Be" library="SeleniumLibrary">
<arg>Swag Labs</arg>
<doc>Verifies that the current page title equals ``title``.</doc>
<msg timestamp="20221220 14:07:26.048" level="INFO">Page title is 'Swag Labs'.</msg>
<status status="PASS" starttime="20221220 14:07:24.979" endtime="20221220 14:07:26.048"/>
</kw>
<status status="PASS" starttime="20221220 14:07:24.978" endtime="20221220 14:07:26.048"/>
</kw>
<status status="PASS" starttime="20221220 14:07:20.651" endtime="20221220 14:07:26.049"/>
</kw>
<test id="s1-t1" name="Invalid username" line="16">
<kw name="Go To Login Page" library="src" type="SETUP">
<kw name="Go To" library="SeleniumLibrary">
<arg>${url_login}</arg>
<doc>Navigates the current browser window to the provided ``url``.</doc>
<msg timestamp="20221220 14:07:26.055" level="INFO">Opening url 'https://www.saucedemo.com/'</msg>
<status status="PASS" starttime="20221220 14:07:26.054" endtime="20221220 14:07:27.477"/>
</kw>
<kw name="Login Page Should Be Open" library="src">
<kw name="Title Should Be" library="SeleniumLibrary">
<arg>Swag Labs</arg>
<doc>Verifies that the current page title equals ``title``.</doc>
<msg timestamp="20221220 14:07:28.488" level="INFO">Page title is 'Swag Labs'.</msg>
<status status="PASS" starttime="20221220 14:07:27.478" endtime="20221220 14:07:28.488"/>
</kw>
<status status="PASS" starttime="20221220 14:07:27.477" endtime="20221220 14:07:28.488"/>
</kw>
<status status="PASS" starttime="20221220 14:07:26.054" endtime="20221220 14:07:28.489"/>
</kw>
<kw name="Login With Invalid Credential Should Fail">
<arg>${invalid username}</arg>
<arg>${valid_password}</arg>
<kw name="Masukan Username" library="src">
<arg>${username}</arg>
<kw name="Input Text" library="SeleniumLibrary">
<arg>${field_username}</arg>
<arg>${valid_username}</arg>
<doc>Types the given ``text`` into the text field identified by ``locator``.</doc>
<msg timestamp="20221220 14:07:28.492" level="INFO">Typing text 'standard_user' into text field '//*[@id="user-name"]'.</msg>
<status status="PASS" starttime="20221220 14:07:28.490" endtime="20221220 14:07:31.844"/>
</kw>
<status status="PASS" starttime="20221220 14:07:28.490" endtime="20221220 14:07:31.844"/>
</kw>
<kw name="Masukan Password" library="src">
<arg>${password}</arg>
<kw name="Input Text" library="SeleniumLibrary">
<arg>${field_password}</arg>
<arg>${valid_password}</arg>
<doc>Types the given ``text`` into the text field identified by ``locator``.</doc>
<msg timestamp="20221220 14:07:31.847" level="INFO">Typing text 'secret_sauce' into text field '//*[@id="password"]'.</msg>
<status status="PASS" starttime="20221220 14:07:31.846" endtime="20221220 14:07:35.482"/>
</kw>
<status status="PASS" starttime="20221220 14:07:31.844" endtime="20221220 14:07:35.483"/>
</kw>
<kw name="Submit Login" library="src">
<kw name="Click Button" library="SeleniumLibrary">
<arg>${btn_login}</arg>
<doc>Clicks the button identified by ``locator``.</doc>
<msg timestamp="20221220 14:07:35.484" level="INFO">Clicking button '//*[@id="login-button"]'.</msg>
<status status="PASS" starttime="20221220 14:07:35.483" endtime="20221220 14:07:39.186"/>
</kw>
<status status="PASS" starttime="20221220 14:07:35.483" endtime="20221220 14:07:39.186"/>
</kw>
<kw name="Login Should Have Failed">
<kw name="Should Be String" library="String">
<arg>Epic sadface: Username and password do not match any user in this service</arg>
<doc>Fails if the given ``item`` is not a string.</doc>
<status status="PASS" starttime="20221220 14:07:39.188" endtime="20221220 14:07:39.188"/>
</kw>
<status status="PASS" starttime="20221220 14:07:39.187" endtime="20221220 14:07:39.188"/>
</kw>
<status status="PASS" starttime="20221220 14:07:28.490" endtime="20221220 14:07:39.188"/>
</kw>
<doc>Test to verify that the user can log in to the application</doc>
<tag>smoke</tag>
<status status="PASS" starttime="20221220 14:07:26.049" endtime="20221220 14:07:39.190"/>
</test>
<test id="s1-t2" name="Invalid password" line="20">
<kw name="Go To Login Page" library="src" type="SETUP">
<kw name="Go To" library="SeleniumLibrary">
<arg>${url_login}</arg>
<doc>Navigates the current browser window to the provided ``url``.</doc>
<msg timestamp="20221220 14:07:39.194" level="INFO">Opening url 'https://www.saucedemo.com/'</msg>
<status status="PASS" starttime="20221220 14:07:39.194" endtime="20221220 14:07:40.583"/>
</kw>
<kw name="Login Page Should Be Open" library="src">
<kw name="Title Should Be" library="SeleniumLibrary">
<arg>Swag Labs</arg>
<doc>Verifies that the current page title equals ``title``.</doc>
<msg timestamp="20221220 14:07:41.865" level="INFO">Page title is 'Swag Labs'.</msg>
<status status="PASS" starttime="20221220 14:07:40.584" endtime="20221220 14:07:41.865"/>
</kw>
<status status="PASS" starttime="20221220 14:07:40.583" endtime="20221220 14:07:41.867"/>
</kw>
<status status="PASS" starttime="20221220 14:07:39.193" endtime="20221220 14:07:41.867"/>
</kw>
<kw name="Login With Invalid Credential Should Fail">
<arg>${valid_username}</arg>
<arg>${invalid password}</arg>
<kw name="Masukan Username" library="src">
<arg>${username}</arg>
<kw name="Input Text" library="SeleniumLibrary">
<arg>${field_username}</arg>
<arg>${valid_username}</arg>
<doc>Types the given ``text`` into the text field identified by ``locator``.</doc>
<msg timestamp="20221220 14:07:42.066" level="INFO">Typing text 'standard_user' into text field '//*[@id="user-name"]'.</msg>
<status status="PASS" starttime="20221220 14:07:42.065" endtime="20221220 14:07:45.587"/>
</kw>
<status status="PASS" starttime="20221220 14:07:42.064" endtime="20221220 14:07:45.591"/>
</kw>
<kw name="Masukan Password" library="src">
<arg>${password}</arg>
<kw name="Input Text" library="SeleniumLibrary">
<arg>${field_password}</arg>
<arg>${valid_password}</arg>
<doc>Types the given ``text`` into the text field identified by ``locator``.</doc>
<msg timestamp="20221220 14:07:45.599" level="INFO">Typing text 'secret_sauce' into text field '//*[@id="password"]'.</msg>
<status status="PASS" starttime="20221220 14:07:45.595" endtime="20221220 14:07:48.840"/>
</kw>
<status status="PASS" starttime="20221220 14:07:45.591" endtime="20221220 14:07:48.843"/>
</kw>
<kw name="Submit Login" library="src">
<kw name="Click Button" library="SeleniumLibrary">
<arg>${btn_login}</arg>
<doc>Clicks the button identified by ``locator``.</doc>
<msg timestamp="20221220 14:07:48.846" level="INFO">Clicking button '//*[@id="login-button"]'.</msg>
<status status="PASS" starttime="20221220 14:07:48.845" endtime="20221220 14:07:52.068"/>
</kw>
<status status="PASS" starttime="20221220 14:07:48.844" endtime="20221220 14:07:52.068"/>
</kw>
<kw name="Login Should Have Failed">
<kw name="Should Be String" library="String">
<arg>Epic sadface: Username and password do not match any user in this service</arg>
<doc>Fails if the given ``item`` is not a string.</doc>
<status status="PASS" starttime="20221220 14:07:52.069" endtime="20221220 14:07:52.069"/>
</kw>
<status status="PASS" starttime="20221220 14:07:52.068" endtime="20221220 14:07:52.069"/>
</kw>
<status status="PASS" starttime="20221220 14:07:42.057" endtime="20221220 14:07:52.069"/>
</kw>
<doc>Test to verify that the user can log in to the application</doc>
<tag>smoke</tag>
<status status="PASS" starttime="20221220 14:07:39.191" endtime="20221220 14:07:52.071"/>
</test>
<test id="s1-t3" name="Invalid Username And Password" line="23">
<kw name="Go To Login Page" library="src" type="SETUP">
<kw name="Go To" library="SeleniumLibrary">
<arg>${url_login}</arg>
<doc>Navigates the current browser window to the provided ``url``.</doc>
<msg timestamp="20221220 14:07:52.075" level="INFO">Opening url 'https://www.saucedemo.com/'</msg>
<status status="PASS" starttime="20221220 14:07:52.074" endtime="20221220 14:07:53.412"/>
</kw>
<kw name="Login Page Should Be Open" library="src">
<kw name="Title Should Be" library="SeleniumLibrary">
<arg>Swag Labs</arg>
<doc>Verifies that the current page title equals ``title``.</doc>
<msg timestamp="20221220 14:07:54.425" level="INFO">Page title is 'Swag Labs'.</msg>
<status status="PASS" starttime="20221220 14:07:53.413" endtime="20221220 14:07:54.425"/>
</kw>
<status status="PASS" starttime="20221220 14:07:53.412" endtime="20221220 14:07:54.425"/>
</kw>
<status status="PASS" starttime="20221220 14:07:52.074" endtime="20221220 14:07:54.425"/>
</kw>
<kw name="Login With Invalid Credential Should Fail">
<arg>${invalid username}</arg>
<arg>${invalid password}</arg>
<kw name="Masukan Username" library="src">
<arg>${username}</arg>
<kw name="Input Text" library="SeleniumLibrary">
<arg>${field_username}</arg>
<arg>${valid_username}</arg>
<doc>Types the given ``text`` into the text field identified by ``locator``.</doc>
<msg timestamp="20221220 14:07:54.428" level="INFO">Typing text 'standard_user' into text field '//*[@id="user-name"]'.</msg>
<status status="PASS" starttime="20221220 14:07:54.427" endtime="20221220 14:07:57.736"/>
</kw>
<status status="PASS" starttime="20221220 14:07:54.426" endtime="20221220 14:07:57.736"/>
</kw>
<kw name="Masukan Password" library="src">
<arg>${password}</arg>
<kw name="Input Text" library="SeleniumLibrary">
<arg>${field_password}</arg>
<arg>${valid_password}</arg>
<doc>Types the given ``text`` into the text field identified by ``locator``.</doc>
<msg timestamp="20221220 14:07:57.739" level="INFO">Typing text 'secret_sauce' into text field '//*[@id="password"]'.</msg>
<status status="PASS" starttime="20221220 14:07:57.737" endtime="20221220 14:08:00.996"/>
</kw>
<status status="PASS" starttime="20221220 14:07:57.736" endtime="20221220 14:08:00.996"/>
</kw>
<kw name="Submit Login" library="src">
<kw name="Click Button" library="SeleniumLibrary">
<arg>${btn_login}</arg>
<doc>Clicks the button identified by ``locator``.</doc>
<msg timestamp="20221220 14:08:00.997" level="INFO">Clicking button '//*[@id="login-button"]'.</msg>
<status status="PASS" starttime="20221220 14:08:00.996" endtime="20221220 14:08:04.262"/>
</kw>
<status status="PASS" starttime="20221220 14:08:00.996" endtime="20221220 14:08:04.262"/>
</kw>
<kw name="Login Should Have Failed">
<kw name="Should Be String" library="String">
<arg>Epic sadface: Username and password do not match any user in this service</arg>
<doc>Fails if the given ``item`` is not a string.</doc>
<status status="PASS" starttime="20221220 14:08:04.262" endtime="20221220 14:08:04.262"/>
</kw>
<status status="PASS" starttime="20221220 14:08:04.262" endtime="20221220 14:08:04.264"/>
</kw>
<status status="PASS" starttime="20221220 14:07:54.426" endtime="20221220 14:08:04.264"/>
</kw>
<doc>Test to verify that the user can log in to the application</doc>
<tag>smoke</tag>
<status status="PASS" starttime="20221220 14:07:52.073" endtime="20221220 14:08:04.264"/>
</test>
<test id="s1-t4" name="Empty Username" line="26">
<kw name="Go To Login Page" library="src" type="SETUP">
<kw name="Go To" library="SeleniumLibrary">
<arg>${url_login}</arg>
<doc>Navigates the current browser window to the provided ``url``.</doc>
<msg timestamp="20221220 14:08:04.267" level="INFO">Opening url 'https://www.saucedemo.com/'</msg>
<status status="PASS" starttime="20221220 14:08:04.267" endtime="20221220 14:08:05.566"/>
</kw>
<kw name="Login Page Should Be Open" library="src">
<kw name="Title Should Be" library="SeleniumLibrary">
<arg>Swag Labs</arg>
<doc>Verifies that the current page title equals ``title``.</doc>
<msg timestamp="20221220 14:08:06.577" level="INFO">Page title is 'Swag Labs'.</msg>
<status status="PASS" starttime="20221220 14:08:05.567" endtime="20221220 14:08:06.577"/>
</kw>
<status status="PASS" starttime="20221220 14:08:05.567" endtime="20221220 14:08:06.579"/>
</kw>
<status status="PASS" starttime="20221220 14:08:04.266" endtime="20221220 14:08:06.583"/>
</kw>
<kw name="Login With Invalid Credential Should Fail">
<arg>${Empty}</arg>
<arg>${valid_password}</arg>
<kw name="Masukan Username" library="src">
<arg>${username}</arg>
<kw name="Input Text" library="SeleniumLibrary">
<arg>${field_username}</arg>
<arg>${valid_username}</arg>
<doc>Types the given ``text`` into the text field identified by ``locator``.</doc>
<msg timestamp="20221220 14:08:06.589" level="INFO">Typing text 'standard_user' into text field '//*[@id="user-name"]'.</msg>
<status status="PASS" starttime="20221220 14:08:06.587" endtime="20221220 14:08:10.198"/>
</kw>
<status status="PASS" starttime="20221220 14:08:06.587" endtime="20221220 14:08:10.198"/>
</kw>
<kw name="Masukan Password" library="src">
<arg>${password}</arg>
<kw name="Input Text" library="SeleniumLibrary">
<arg>${field_password}</arg>
<arg>${valid_password}</arg>
<doc>Types the given ``text`` into the text field identified by ``locator``.</doc>
<msg timestamp="20221220 14:08:10.200" level="INFO">Typing text 'secret_sauce' into text field '//*[@id="password"]'.</msg>
<status status="PASS" starttime="20221220 14:08:10.199" endtime="20221220 14:08:13.540"/>
</kw>
<status status="PASS" starttime="20221220 14:08:10.198" endtime="20221220 14:08:13.541"/>
</kw>
<kw name="Submit Login" library="src">
<kw name="Click Button" library="SeleniumLibrary">
<arg>${btn_login}</arg>
<doc>Clicks the button identified by ``locator``.</doc>
<msg timestamp="20221220 14:08:13.545" level="INFO">Clicking button '//*[@id="login-button"]'.</msg>
<status status="PASS" starttime="20221220 14:08:13.543" endtime="20221220 14:08:16.924"/>
</kw>
<status status="PASS" starttime="20221220 14:08:13.541" endtime="20221220 14:08:16.924"/>
</kw>
<kw name="Login Should Have Failed">
<kw name="Should Be String" library="String">
<arg>Epic sadface: Username and password do not match any user in this service</arg>
<doc>Fails if the given ``item`` is not a string.</doc>
<status status="PASS" starttime="20221220 14:08:16.925" endtime="20221220 14:08:16.925"/>
</kw>
<status status="PASS" starttime="20221220 14:08:16.925" endtime="20221220 14:08:16.925"/>
</kw>
<status status="PASS" starttime="20221220 14:08:06.584" endtime="20221220 14:08:16.925"/>
</kw>
<doc>Test to verify that the user can log in to the application</doc>
<tag>smoke</tag>
<status status="PASS" starttime="20221220 14:08:04.265" endtime="20221220 14:08:16.926"/>
</test>
<test id="s1-t5" name="Empty Password" line="29">
<kw name="Go To Login Page" library="src" type="SETUP">
<kw name="Go To" library="SeleniumLibrary">
<arg>${url_login}</arg>
<doc>Navigates the current browser window to the provided ``url``.</doc>
<msg timestamp="20221220 14:08:16.929" level="INFO">Opening url 'https://www.saucedemo.com/'</msg>
<status status="PASS" starttime="20221220 14:08:16.929" endtime="20221220 14:08:18.264"/>
</kw>
<kw name="Login Page Should Be Open" library="src">
<kw name="Title Should Be" library="SeleniumLibrary">
<arg>Swag Labs</arg>
<doc>Verifies that the current page title equals ``title``.</doc>
<msg timestamp="20221220 14:08:19.276" level="INFO">Page title is 'Swag Labs'.</msg>
<status status="PASS" starttime="20221220 14:08:18.264" endtime="20221220 14:08:19.276"/>
</kw>
<status status="PASS" starttime="20221220 14:08:18.264" endtime="20221220 14:08:19.276"/>
</kw>
<status status="PASS" starttime="20221220 14:08:16.928" endtime="20221220 14:08:19.276"/>
</kw>
<kw name="Login With Invalid Credential Should Fail">
<arg>${valid_username}</arg>
<arg>${Empty}</arg>
<kw name="Masukan Username" library="src">
<arg>${username}</arg>
<kw name="Input Text" library="SeleniumLibrary">
<arg>${field_username}</arg>
<arg>${valid_username}</arg>
<doc>Types the given ``text`` into the text field identified by ``locator``.</doc>
<msg timestamp="20221220 14:08:19.282" level="INFO">Typing text 'standard_user' into text field '//*[@id="user-name"]'.</msg>
<status status="PASS" starttime="20221220 14:08:19.281" endtime="20221220 14:08:22.539"/>
</kw>
<status status="PASS" starttime="20221220 14:08:19.279" endtime="20221220 14:08:22.539"/>
</kw>
<kw name="Masukan Password" library="src">
<arg>${password}</arg>
<kw name="Input Text" library="SeleniumLibrary">
<arg>${field_password}</arg>
<arg>${valid_password}</arg>
<doc>Types the given ``text`` into the text field identified by ``locator``.</doc>
<msg timestamp="20221220 14:08:22.542" level="INFO">Typing text 'secret_sauce' into text field '//*[@id="password"]'.</msg>
<status status="PASS" starttime="20221220 14:08:22.541" endtime="20221220 14:08:25.814"/>
</kw>
<status status="PASS" starttime="20221220 14:08:22.539" endtime="20221220 14:08:25.814"/>
</kw>
<kw name="Submit Login" library="src">
<kw name="Click Button" library="SeleniumLibrary">
<arg>${btn_login}</arg>
<doc>Clicks the button identified by ``locator``.</doc>
<msg timestamp="20221220 14:08:25.816" level="INFO">Clicking button '//*[@id="login-button"]'.</msg>
<status status="PASS" starttime="20221220 14:08:25.814" endtime="20221220 14:08:29.348"/>
</kw>
<status status="PASS" starttime="20221220 14:08:25.814" endtime="20221220 14:08:29.348"/>
</kw>
<kw name="Login Should Have Failed">
<kw name="Should Be String" library="String">
<arg>Epic sadface: Username and password do not match any user in this service</arg>
<doc>Fails if the given ``item`` is not a string.</doc>
<status status="PASS" starttime="20221220 14:08:29.349" endtime="20221220 14:08:29.350"/>
</kw>
<status status="PASS" starttime="20221220 14:08:29.349" endtime="20221220 14:08:29.350"/>
</kw>
<status status="PASS" starttime="20221220 14:08:19.277" endtime="20221220 14:08:29.351"/>
</kw>
<doc>Test to verify that the user can log in to the application</doc>
<tag>smoke</tag>
<status status="PASS" starttime="20221220 14:08:16.927" endtime="20221220 14:08:29.355"/>
</test>
<test id="s1-t6" name="Empty Username And Password" line="32">
<kw name="Go To Login Page" library="src" type="SETUP">
<kw name="Go To" library="SeleniumLibrary">
<arg>${url_login}</arg>
<doc>Navigates the current browser window to the provided ``url``.</doc>
<msg timestamp="20221220 14:08:29.360" level="INFO">Opening url 'https://www.saucedemo.com/'</msg>
<status status="PASS" starttime="20221220 14:08:29.359" endtime="20221220 14:08:30.797"/>
</kw>
<kw name="Login Page Should Be Open" library="src">
<kw name="Title Should Be" library="SeleniumLibrary">
<arg>Swag Labs</arg>
<doc>Verifies that the current page title equals ``title``.</doc>
<msg timestamp="20221220 14:08:31.843" level="INFO">Page title is 'Swag Labs'.</msg>
<status status="PASS" starttime="20221220 14:08:30.798" endtime="20221220 14:08:31.855"/>
</kw>
<status status="PASS" starttime="20221220 14:08:30.798" endtime="20221220 14:08:31.855"/>
</kw>
<status status="PASS" starttime="20221220 14:08:29.358" endtime="20221220 14:08:31.856"/>
</kw>
<kw name="Login With Invalid Credential Should Fail">
<arg>${Empty}</arg>
<arg>${Empty}</arg>
<kw name="Masukan Username" library="src">
<arg>${username}</arg>
<kw name="Input Text" library="SeleniumLibrary">
<arg>${field_username}</arg>
<arg>${valid_username}</arg>
<doc>Types the given ``text`` into the text field identified by ``locator``.</doc>
<msg timestamp="20221220 14:08:31.924" level="INFO">Typing text 'standard_user' into text field '//*[@id="user-name"]'.</msg>
<status status="PASS" starttime="20221220 14:08:31.916" endtime="20221220 14:08:35.209"/>
</kw>
<status status="PASS" starttime="20221220 14:08:31.915" endtime="20221220 14:08:35.209"/>
</kw>
<kw name="Masukan Password" library="src">
<arg>${password}</arg>
<kw name="Input Text" library="SeleniumLibrary">
<arg>${field_password}</arg>
<arg>${valid_password}</arg>
<doc>Types the given ``text`` into the text field identified by ``locator``.</doc>
<msg timestamp="20221220 14:08:35.211" level="INFO">Typing text 'secret_sauce' into text field '//*[@id="password"]'.</msg>
<status status="PASS" starttime="20221220 14:08:35.210" endtime="20221220 14:08:38.514"/>
</kw>
<status status="PASS" starttime="20221220 14:08:35.209" endtime="20221220 14:08:38.514"/>
</kw>
<kw name="Submit Login" library="src">
<kw name="Click Button" library="SeleniumLibrary">
<arg>${btn_login}</arg>
<doc>Clicks the button identified by ``locator``.</doc>
<msg timestamp="20221220 14:08:38.516" level="INFO">Clicking button '//*[@id="login-button"]'.</msg>
<status status="PASS" starttime="20221220 14:08:38.515" endtime="20221220 14:08:41.738"/>
</kw>
<status status="PASS" starttime="20221220 14:08:38.514" endtime="20221220 14:08:41.738"/>
</kw>
<kw name="Login Should Have Failed">
<kw name="Should Be String" library="String">
<arg>Epic sadface: Username and password do not match any user in this service</arg>
<doc>Fails if the given ``item`` is not a string.</doc>
<status status="PASS" starttime="20221220 14:08:41.739" endtime="20221220 14:08:41.739"/>
</kw>
<status status="PASS" starttime="20221220 14:08:41.739" endtime="20221220 14:08:41.740"/>
</kw>
<status status="PASS" starttime="20221220 14:08:31.905" endtime="20221220 14:08:41.740"/>
</kw>
<doc>Test to verify that the user can log in to the application</doc>
<tag>smoke</tag>
<status status="PASS" starttime="20221220 14:08:29.357" endtime="20221220 14:08:41.740"/>
</test>
<kw name="Close Browser" library="SeleniumLibrary" type="TEARDOWN">
<doc>Closes the current browser.</doc>
<status status="PASS" starttime="20221220 14:08:41.743" endtime="20221220 14:08:45.405"/>
</kw>
<doc>A test suite with a single test for valid login.

This test has a workflow that is created using keywords in
the imported resource file.</doc>
<status status="PASS" starttime="20221220 14:07:19.962" endtime="20221220 14:08:45.405"/>
</suite>
<statistics>
<total>
<stat pass="6" fail="0" skip="0">All Tests</stat>
</total>
<tag>
<stat pass="6" fail="0" skip="0">smoke</stat>
</tag>
<suite>
<stat pass="6" fail="0" skip="0" id="s1" name="Invalid Login">Invalid Login</stat>
</suite>
</statistics>
<errors>
</errors>
</robot>
